Release 7.1i Map H.38
Xilinx Mapping Report File for Design 'math'

Design Information
------------------
Command Line   : /opt/xilinx/bin/lin/map -o math.map.ncd math.ngd math.pcf 
Target Device  : xc3s200
Target Package : ft256
Target Speed   : -4
Mapper Version : spartan3 -- $Revision: 1.26.6.3 $
Mapped Date    : Tue Apr  5 08:56:14 2005

Design Summary
--------------
Number of errors:      0
Number of warnings:    3
Logic Utilization:
  Number of 4 input LUTs:              16 out of   3,840    1%
Logic Distribution:
  Number of occupied Slices:                            8 out of   1,920    1%
    Number of Slices containing only related logic:       8 out of       8  100%
    Number of Slices containing unrelated logic:          0 out of       8    0%
      *See NOTES below for an explanation of the effects of unrelated logic
Total Number of 4 input LUTs:          16 out of   3,840    1%
  Number of bonded IOBs:               82 out of     173   47%
    IOB Flip Flops:                    16
  Number of MULT18X18s:                2 out of      12   16%
  Number of GCLKs:                     1 out of       8   12%

Total equivalent gate count for design:  8,317
Additional JTAG gate count for IOBs:  3,936
Peak Memory Usage:  99 MB

NOTES:

   Related logic is defined as being logic that shares connectivity - e.g. two
   LUTs are "related" if they share common inputs.  When assembling slices,
   Map gives priority to combine logic that is related.  Doing so results in
   the best timing performance.

   Unrelated logic shares no connectivity.  Map will only begin packing
   unrelated logic into a slice once 99% of the slices are occupied through
   related logic packing.

   Note that once logic distribution reaches the 99% level through related
   logic packing, this does not mean the device is completely utilized.
   Unrelated logic packing will then begin, continuing until all usable LUTs
   and FFs are occupied.  Depending on your timing budget, increased levels of
   unrelated logic packing may adversely affect the overall timing performance
   of your design.

Table of Contents
-----------------
Section 1 - Errors
Section 2 - Warnings
Section 3 - Informational
Section 4 - Removed Logic Summary
Section 5 - Removed Logic
Section 6 - IOB Properties
Section 7 - RPMs
Section 8 - Guide Report
Section 9 - Area Group Summary
Section 10 - Modular Design Summary
Section 11 - Timing Report
Section 12 - Configuration String Information
Section 13 - Additional Device Resource Counts

Section 1 - Errors
------------------

Section 2 - Warnings
--------------------
WARNING:LIT:243 - Logical network a_15_IBUF has no load.
WARNING:LIT:374 - The above warning message base_net_load_rule is repeated 64
   more times for the following (max. 5 shown):
   a_14_IBUF,
   a_13_IBUF,
   a_12_IBUF,
   a_11_IBUF,
   a_10_IBUF
   To see the details of these warning messages, please use the -detail switch.
WARNING:PhysDesignRules:367 - The signal <rst_IBUF> is incomplete. The signal
   does not drive any load pins in the design.

Section 3 - Informational
-------------------------
INFO:MapLib:562 - No environment variables are currently set.
INFO:MapLib:535 - The following Virtex BUFG(s) is/are being retargetted to
   Virtex2 BUFGMUX(s) with input tied to I0 and Select pin tied to constant 0:
   BUFGP symbol "clk_BUFGP" (output signal=clk_BUFGP)
INFO:LIT:244 - All of the single ended outputs in this design are using slew
   rate limited output drivers. The delay on speed critical single ended outputs
   can be dramatically reduced by designating them as fast outputs in the
   schematic.

Section 4 - Removed Logic Summary
---------------------------------
   1 block(s) optimized away

Section 5 - Removed Logic
-------------------------

Optimized Block(s):
TYPE 		BLOCK
GND 		XST_GND

Section 6 - IOB Properties
--------------------------

+------------------------------------------------------------------------------------------------------------------------+
| IOB Name                           | Type    | Direction | IO Standard | Drive    | Slew | Reg (s)  | Resistor | IOB   |
|                                    |         |           |             | Strength | Rate |          |          | Delay |
+------------------------------------------------------------------------------------------------------------------------+
| a<0>                               | IOB     | INPUT     | LVCMOS25    |          |      |          |          |       |
| a<1>                               | IOB     | INPUT     | LVCMOS25    |          |      |          |          |       |
| a<2>                               | IOB     | INPUT     | LVCMOS25    |          |      |          |          |       |
| a<3>                               | IOB     | INPUT     | LVCMOS25    |          |      |          |          |       |
| a<4>                               | IOB     | INPUT     | LVCMOS25    |          |      |          |          |       |
| a<5>                               | IOB     | INPUT     | LVCMOS25    |          |      |          |          |       |
| a<6>                               | IOB     | INPUT     | LVCMOS25    |          |      |          |          |       |
| a<7>                               | IOB     | INPUT     | LVCMOS25    |          |      |          |          |       |
| a<8>                               | IOB     | INPUT     | LVCMOS25    |          |      |          |          |       |
| a<9>                               | IOB     | INPUT     | LVCMOS25    |          |      |          |          |       |
| a<10>                              | IOB     | INPUT     | LVCMOS25    |          |      |          |          |       |
| a<11>                              | IOB     | INPUT     | LVCMOS25    |          |      |          |          |       |
| a<12>                              | IOB     | INPUT     | LVCMOS25    |          |      |          |          |       |
| a<13>                              | IOB     | INPUT     | LVCMOS25    |          |      |          |          |       |
| a<14>                              | IOB     | INPUT     | LVCMOS25    |          |      |          |          |       |
| a<15>                              | IOB     | INPUT     | LVCMOS25    |          |      |          |          |       |
| b<0>                               | IOB     | INPUT     | LVCMOS25    |          |      |          |          |       |
| b<1>                               | IOB     | INPUT     | LVCMOS25    |          |      |          |          |       |
| b<2>                               | IOB     | INPUT     | LVCMOS25    |          |      |          |          |       |
| b<3>                               | IOB     | INPUT     | LVCMOS25    |          |      |          |          |       |
| b<4>                               | IOB     | INPUT     | LVCMOS25    |          |      |          |          |       |
| b<5>                               | IOB     | INPUT     | LVCMOS25    |          |      |          |          |       |
| b<6>                               | IOB     | INPUT     | LVCMOS25    |          |      |          |          |       |
| b<7>                               | IOB     | INPUT     | LVCMOS25    |          |      |          |          |       |
| b<8>                               | IOB     | INPUT     | LVCMOS25    |          |      |          |          |       |
| b<9>                               | IOB     | INPUT     | LVCMOS25    |          |      |          |          |       |
| b<10>                              | IOB     | INPUT     | LVCMOS25    |          |      |          |          |       |
| b<11>                              | IOB     | INPUT     | LVCMOS25    |          |      |          |          |       |
| b<12>                              | IOB     | INPUT     | LVCMOS25    |          |      |          |          |       |
| b<13>                              | IOB     | INPUT     | LVCMOS25    |          |      |          |          |       |
| b<14>                              | IOB     | INPUT     | LVCMOS25    |          |      |          |          |       |
| b<15>                              | IOB     | INPUT     | LVCMOS25    |          |      |          |          |       |
| c<0>                               | IOB     | INPUT     | LVCMOS25    |          |      |          |          |       |
| c<1>                               | IOB     | INPUT     | LVCMOS25    |          |      |          |          |       |
| c<2>                               | IOB     | INPUT     | LVCMOS25    |          |      |          |          |       |
| c<3>                               | IOB     | INPUT     | LVCMOS25    |          |      |          |          |       |
| c<4>                               | IOB     | INPUT     | LVCMOS25    |          |      |          |          |       |
| c<5>                               | IOB     | INPUT     | LVCMOS25    |          |      |          |          |       |
| c<6>                               | IOB     | INPUT     | LVCMOS25    |          |      |          |          |       |
| c<7>                               | IOB     | INPUT     | LVCMOS25    |          |      |          |          |       |
| c<8>                               | IOB     | INPUT     | LVCMOS25    |          |      |          |          |       |
| c<9>                               | IOB     | INPUT     | LVCMOS25    |          |      |          |          |       |
| c<10>                              | IOB     | INPUT     | LVCMOS25    |          |      |          |          |       |
| c<11>                              | IOB     | INPUT     | LVCMOS25    |          |      |          |          |       |
| c<12>                              | IOB     | INPUT     | LVCMOS25    |          |      |          |          |       |
| c<13>                              | IOB     | INPUT     | LVCMOS25    |          |      |          |          |       |
| c<14>                              | IOB     | INPUT     | LVCMOS25    |          |      |          |          |       |
| c<15>                              | IOB     | INPUT     | LVCMOS25    |          |      |          |          |       |
| clk                                | IOB     | INPUT     | LVCMOS25    |          |      |          |          |       |
| d<0>                               | IOB     | INPUT     | LVCMOS25    |          |      |          |          |       |
| d<1>                               | IOB     | INPUT     | LVCMOS25    |          |      |          |          |       |
| d<2>                               | IOB     | INPUT     | LVCMOS25    |          |      |          |          |       |
| d<3>                               | IOB     | INPUT     | LVCMOS25    |          |      |          |          |       |
| d<4>                               | IOB     | INPUT     | LVCMOS25    |          |      |          |          |       |
| d<5>                               | IOB     | INPUT     | LVCMOS25    |          |      |          |          |       |
| d<6>                               | IOB     | INPUT     | LVCMOS25    |          |      |          |          |       |
| d<7>                               | IOB     | INPUT     | LVCMOS25    |          |      |          |          |       |
| d<8>                               | IOB     | INPUT     | LVCMOS25    |          |      |          |          |       |
| d<9>                               | IOB     | INPUT     | LVCMOS25    |          |      |          |          |       |
| d<10>                              | IOB     | INPUT     | LVCMOS25    |          |      |          |          |       |
| d<11>                              | IOB     | INPUT     | LVCMOS25    |          |      |          |          |       |
| d<12>                              | IOB     | INPUT     | LVCMOS25    |          |      |          |          |       |
| d<13>                              | IOB     | INPUT     | LVCMOS25    |          |      |          |          |       |
| d<14>                              | IOB     | INPUT     | LVCMOS25    |          |      |          |          |       |
| d<15>                              | IOB     | INPUT     | LVCMOS25    |          |      |          |          |       |
| result<0>                          | IOB     | OUTPUT    | LVCMOS25    | 12       | SLOW | OFF1     |          |       |
| result<1>                          | IOB     | OUTPUT    | LVCMOS25    | 12       | SLOW | OFF1     |          |       |
| result<2>                          | IOB     | OUTPUT    | LVCMOS25    | 12       | SLOW | OFF1     |          |       |
| result<3>                          | IOB     | OUTPUT    | LVCMOS25    | 12       | SLOW | OFF1     |          |       |
| result<4>                          | IOB     | OUTPUT    | LVCMOS25    | 12       | SLOW | OFF1     |          |       |
| result<5>                          | IOB     | OUTPUT    | LVCMOS25    | 12       | SLOW | OFF1     |          |       |
| result<6>                          | IOB     | OUTPUT    | LVCMOS25    | 12       | SLOW | OFF1     |          |       |
| result<7>                          | IOB     | OUTPUT    | LVCMOS25    | 12       | SLOW | OFF1     |          |       |
| result<8>                          | IOB     | OUTPUT    | LVCMOS25    | 12       | SLOW | OFF1     |          |       |
| result<9>                          | IOB     | OUTPUT    | LVCMOS25    | 12       | SLOW | OFF1     |          |       |
| result<10>                         | IOB     | OUTPUT    | LVCMOS25    | 12       | SLOW | OFF1     |          |       |
| result<11>                         | IOB     | OUTPUT    | LVCMOS25    | 12       | SLOW | OFF1     |          |       |
| result<12>                         | IOB     | OUTPUT    | LVCMOS25    | 12       | SLOW | OFF1     |          |       |
| result<13>                         | IOB     | OUTPUT    | LVCMOS25    | 12       | SLOW | OFF1     |          |       |
| result<14>                         | IOB     | OUTPUT    | LVCMOS25    | 12       | SLOW | OFF1     |          |       |
| result<15>                         | IOB     | OUTPUT    | LVCMOS25    | 12       | SLOW | OFF1     |          |       |
| rst                                | IOB     | INPUT     | LVCMOS25    |          |      |          |          |       |
+------------------------------------------------------------------------------------------------------------------------+

Section 7 - RPMs
----------------

Section 8 - Guide Report
------------------------
Guide not run on this design.

Section 9 - Area Group Summary
------------------------------
No area groups were found in this design.

Section 10 - Modular Design Summary
-----------------------------------
Modular Design not used for this design.

Section 11 - Timing Report
--------------------------
This design was not run using timing mode.

Section 12 - Configuration String Details
--------------------------
Use the "-detail" map option to print out Configuration Strings

Section 13 - Additional Device Resource Counts
----------------------------------------------
Number of JTAG Gates for IOBs = 82
Number of Equivalent Gates for Design = 8,317
Number of RPM Macros = 0
Number of Hard Macros = 0
DCIRESETs = 0
CAPTUREs = 0
BSCANs = 0
STARTUPs = 0
DCMs = 0
GCLKs = 1
ICAPs = 0
18X18 Multipliers = 2
Block RAMs = 0
Total Registers (Flops & Latches in Slices & IOBs) not driven by LUTs = 15
IOB Dual-Rate Flops not driven by LUTs = 0
IOB Dual-Rate Flops = 0
IOB Slave Pads = 0
IOB Master Pads = 0
IOB Latches not driven by LUTs = 0
IOB Latches = 0
IOB Flip Flops not driven by LUTs = 15
IOB Flip Flops = 16
Unbonded IOBs = 0
Bonded IOBs = 82
XORs = 15
CARRY_INITs = 8
CARRY_SKIPs = 0
CARRY_MUXes = 15
Shift Registers = 0
Static Shift Registers = 0
Dynamic Shift Registers = 0
16x1 ROMs = 0
16x1 RAMs = 0
32x1 RAMs = 0
Dual Port RAMs = 0
MUXFs = 0
MULT_ANDs = 0
4 input LUTs used as Route-Thrus = 0
4 input LUTs = 16
Slice Latches not driven by LUTs = 0
Slice Latches = 0
Slice Flip Flops not driven by LUTs = 0
Slice Flip Flops = 0
SliceMs = 0
SliceLs = 8
Slices = 8
Multiplier(16,16) = 
F6 Muxes = 0
F5 Muxes = 0
F8 Muxes = 0
F7 Muxes = 0
Number of LUT signals with 4 loads = 0
Number of LUT signals with 3 loads = 0
Number of LUT signals with 2 loads = 15
Number of LUT signals with 1 load = 1
NGM Average fanout of LUT = 1.94
NGM Maximum fanout of LUT = 2
NGM Average fanin for LUT = 2.0000
Number of LUT symbols = 16
